{
  level: 'error',
  message: 'your flights are: [object Object],[object Object],[object Object],[object Object],[object Object],[object Object],[object Object],[object Object],[object Object],[object Object],[object Object],[object Object],[object Object],[object Object],[object Object],[object Object],[object Object],[object Object],[object Object],[object Object]',
  label: 'testing mode',
  timestamp: '2021-12-16T13:05:13.937Z'
}
{
  level: 'error',
  message: "error get_all_countries: Cannot read property '0' of undefined",
  label: 'testing mode',
  timestamp: '2021-12-16T14:09:57.829Z'
}
{
  level: 'error',
  message: "error get_all_countries: Cannot read property '0' of undefined",
  label: 'testing mode',
  timestamp: '2021-12-16T14:11:37.237Z'
}
{
  level: 'error',
  message: "error get_all_countries: Cannot read property '0' of undefined",
  label: 'testing mode',
  timestamp: '2021-12-16T14:12:04.137Z'
}
{
  level: 'error',
  message: 'error get_flights_by_id: object is not defined',
  label: 'testing mode',
  timestamp: '2021-12-16T20:18:27.459Z'
}
{
  level: 'error',
  message: 'error get_flights_by_id: object is not defined',
  label: 'testing mode',
  timestamp: '2021-12-16T20:18:50.944Z'
}
{
  level: 'error',
  message: 'error get_flights_by_id: object is not defined',
  label: 'testing mode',
  timestamp: '2021-12-16T20:19:23.656Z'
}
{
  level: 'error',
  message: 'error get_flights_by_id: object is not defined',
  label: 'testing mode',
  timestamp: '2021-12-16T20:20:03.419Z'
}
{
  level: 'error',
  message: 'error get_flights_by_id: object is not defined',
  label: 'testing mode',
  timestamp: '2021-12-16T20:22:27.236Z'
}
{
  level: 'error',
  message: 'error get_flights_by_id: object is not defined',
  label: 'testing mode',
  timestamp: '2021-12-16T20:22:53.562Z'
}
{
  level: 'error',
  message: 'error get_flights_by_id: object is not defined',
  label: 'testing mode',
  timestamp: '2021-12-16T20:23:13.195Z'
}
{
  level: 'error',
  message: 'error get_flights_by_id: object is not defined',
  label: 'testing mode',
  timestamp: '2021-12-16T20:26:57.395Z'
}
{
  level: 'error',
  message: 'error get_flights_by_id: object is not defined',
  label: 'testing mode',
  timestamp: '2021-12-16T20:27:02.776Z'
}
{
  level: 'error',
  message: 'error get_flights_by_id: object is not defined',
  label: 'testing mode',
  timestamp: '2021-12-16T20:27:22.278Z'
}
{
  level: 'error',
  message: 'error get_flights_by_id: object is not defined',
  label: 'testing mode',
  timestamp: '2021-12-16T20:27:39.277Z'
}
{
  level: 'error',
  message: 'error get_flights_by_id: object is not defined',
  label: 'testing mode',
  timestamp: '2021-12-16T20:27:59.871Z'
}
{
  level: 'error',
  message: 'error get_flights_by_id: object is not defined',
  label: 'testing mode',
  timestamp: '2021-12-16T20:28:12.063Z'
}
{
  level: 'error',
  message: 'error get_flights_by_id: object is not defined',
  label: 'testing mode',
  timestamp: '2021-12-16T20:29:28.640Z'
}
{
  level: 'error',
  message: 'error get_flights_by_id: object is not defined',
  label: 'testing mode',
  timestamp: '2021-12-16T20:29:41.515Z'
}
{
  level: 'error',
  message: 'error get_flights_by_id: object is not defined',
  label: 'testing mode',
  timestamp: '2021-12-16T20:30:04.944Z'
}
{
  level: 'error',
  message: 'error get_flights_by_id: object is not defined',
  label: 'testing mode',
  timestamp: '2021-12-16T20:30:26.556Z'
}
{
  level: 'error',
  message: 'error get_flights_by_id: object is not defined',
  label: 'testing mode',
  timestamp: '2021-12-16T20:31:27.143Z'
}
{
  level: 'error',
  message: 'error get_flights_by_id: object is not defined',
  label: 'testing mode',
  timestamp: '2021-12-16T20:31:33.595Z'
}
{
  level: 'error',
  message: 'error get_flights_by_id: object is not defined',
  label: 'testing mode',
  timestamp: '2021-12-16T20:32:13.705Z'
}
{
  level: 'error',
  message: 'error get_flights_by_id: object is not defined',
  label: 'testing mode',
  timestamp: '2021-12-16T20:32:19.308Z'
}
{
  level: 'error',
  message: 'error get_flights_by_id: object is not defined',
  label: 'testing mode',
  timestamp: '2021-12-16T20:33:34.133Z'
}
{
  level: 'error',
  message: 'error get_flights_by_id: object is not defined',
  label: 'testing mode',
  timestamp: '2021-12-16T20:33:44.025Z'
}
{
  level: 'error',
  message: 'error get_flights_by_id: object is not defined',
  label: 'testing mode',
  timestamp: '2021-12-16T20:33:49.460Z'
}
{
  level: 'error',
  message: 'error get_flights_by_id: object is not defined',
  label: 'testing mode',
  timestamp: '2021-12-16T20:33:52.517Z'
}
{
  level: 'error',
  message: 'error get_flights_by_id: object is not defined',
  label: 'testing mode',
  timestamp: '2021-12-16T20:34:24.759Z'
}
{
  level: 'error',
  message: 'error get_flights_by_id: object is not defined',
  label: 'testing mode',
  timestamp: '2021-12-16T20:34:48.602Z'
}
{
  level: 'error',
  message: 'error get_flights_by_id: object is not defined',
  label: 'testing mode',
  timestamp: '2021-12-16T20:46:31.700Z'
}
{
  level: 'error',
  message: 'error get_flights_by_id: object is not defined',
  label: 'testing mode',
  timestamp: '2021-12-16T20:46:45.415Z'
}
{
  level: 'error',
  message: 'error get_flights_by_id: object is not defined',
  label: 'testing mode',
  timestamp: '2021-12-16T20:51:01.416Z'
}
{
  level: 'error',
  message: 'error get_flights_by_id: object is not defined',
  label: 'testing mode',
  timestamp: '2021-12-16T20:51:25.145Z'
}
{
  level: 'error',
  message: 'error get_flights_by_id: object is not defined',
  label: 'testing mode',
  timestamp: '2021-12-16T20:51:31.918Z'
}
{
  level: 'error',
  message: 'error get_flights_by_id: object is not defined',
  label: 'testing mode',
  timestamp: '2021-12-16T20:52:04.565Z'
}
{
  level: 'error',
  message: 'error get_flights_by_id: object is not defined',
  label: 'testing mode',
  timestamp: '2021-12-16T21:47:29.125Z'
}
{
  level: 'error',
  message: 'error get_flights_by_id: object is not defined',
  label: 'testing mode',
  timestamp: '2021-12-17T07:09:06.452Z'
}
{
  level: 'error',
  message: 'error get_flights_by_id: object is not defined',
  label: 'testing mode',
  timestamp: '2021-12-17T07:09:50.222Z'
}
{
  level: 'error',
  message: 'error get_flights_by_id: object is not defined',
  label: 'testing mode',
  timestamp: '2021-12-17T07:13:05.822Z'
}
{
  level: 'error',
  message: 'error get_flights_by_id: object is not defined',
  label: 'testing mode',
  timestamp: '2021-12-17T07:13:09.881Z'
}
{
  level: 'error',
  message: 'error get_flights_by_id: object is not defined',
  label: 'testing mode',
  timestamp: '2021-12-17T07:17:15.707Z'
}
{
  level: 'error',
  message: 'error get_flights_by_id: object is not defined',
  label: 'testing mode',
  timestamp: '2021-12-17T07:19:26.820Z'
}
{
  level: 'error',
  message: 'error get_flights_by_id: object is not defined',
  label: 'testing mode',
  timestamp: '2021-12-17T07:20:41.945Z'
}
{
  level: 'error',
  message: 'error get_flights_by_id: paramsAr is not defined',
  label: 'testing mode',
  timestamp: '2021-12-17T07:27:33.781Z'
}
{
  level: 'error',
  message: 'error get_flights_by_id: object is not defined',
  label: 'testing mode',
  timestamp: '2021-12-17T07:28:25.694Z'
}
{
  level: 'error',
  message: 'error get_flights_by_id: object is not defined',
  label: 'testing mode',
  timestamp: '2021-12-17T07:28:58.653Z'
}
{
  level: 'error',
  message: 'error get_flights_by_id: _id is not defined',
  label: 'testing mode',
  timestamp: '2021-12-17T07:30:01.446Z'
}
{
  level: 'error',
  message: `error get_flights_by_id: client-action validation failed: params.0: Cast to [string] failed for value "[ { id: '1' } ]" (type string) at path "params.0"`,
  label: 'testing mode',
  timestamp: '2021-12-17T07:31:18.271Z'
}
{
  level: 'error',
  message: 'error get_flights_by_id: action is not defined',
  label: 'testing mode',
  timestamp: '2021-12-17T07:32:19.556Z'
}
{
  level: 'error',
  message: 'error get_flights_by_id: flight_bl.get_flights_by_id is not a function',
  label: 'testing mode',
  timestamp: '2021-12-17T07:33:32.695Z'
}
{
  level: 'error',
  message: `error get_flights_by_id: client-action validation failed: params.0: Cast to [string] failed for value "[ { id: '1' } ]" (type string) at path "params.0"`,
  label: 'testing mode',
  timestamp: '2021-12-17T07:35:39.663Z'
}
{
  level: 'error',
  message: `error get_flights_by_id: client-action validation failed: params.0: Cast to [string] failed for value "[ { id: '1' } ]" (type string) at path "params.0"`,
  label: 'testing mode',
  timestamp: '2021-12-17T07:53:03.172Z'
}
{
  level: 'error',
  message: `error get_flights_by_id: client-action validation failed: params.0: Cast to [string] failed for value "[ { id: '1' } ]" (type string) at path "params.0"`,
  label: 'testing mode',
  timestamp: '2021-12-17T07:54:22.002Z'
}
{
  level: 'error',
  message: 'error get_flight_by_airline_id: _airline_id is not defined',
  label: 'testing mode',
  timestamp: '2021-12-17T08:03:17.868Z'
}
{
  level: 'error',
  message: 'error get_flight_by_airline_id: _airline_id is not defined',
  label: 'testing mode',
  timestamp: '2021-12-17T08:03:32.450Z'
}
{
  level: 'error',
  message: 'error get_departure_flights: Cannot convert undefined or null to object',
  label: 'testing mode',
  timestamp: '2021-12-17T08:39:01.503Z'
}
{
  level: 'error',
  message: 'error get_departure_flights: Cannot convert undefined or null to object',
  label: 'testing mode',
  timestamp: '2021-12-17T08:39:11.300Z'
}
{
  level: 'error',
  message: 'error get_departure_flights: _country_id is not defined',
  label: 'testing mode',
  timestamp: '2021-12-17T08:39:19.404Z'
}
{
  level: 'error',
  message: 'error get_departure_flights: _country_id is not defined',
  label: 'testing mode',
  timestamp: '2021-12-17T08:40:03.732Z'
}
{
  level: 'error',
  message: 'error get_departure_flights: _country_id is not defined',
  label: 'testing mode',
  timestamp: '2021-12-17T08:40:19.287Z'
}
{
  level: 'error',
  message: 'error get_departure_flights: _country_id is not defined',
  label: 'testing mode',
  timestamp: '2021-12-17T08:40:24.813Z'
}
{
  level: 'error',
  message: 'error get_departure_flights: _id is not defined',
  label: 'testing mode',
  timestamp: '2021-12-17T08:41:04.406Z'
}
{
  level: 'error',
  message: 'error get_departure_flights: _id is not defined',
  label: 'testing mode',
  timestamp: '2021-12-17T08:41:07.120Z'
}
{
  level: 'error',
  message: 'error get_departure_flights: _country_id is not defined',
  label: 'testing mode',
  timestamp: '2021-12-17T08:52:39.932Z'
}
{
  level: 'error',
  message: 'error get_flights_by_id: Cannot convert undefined or null to object',
  label: 'testing mode',
  timestamp: '2021-12-18T18:26:22.752Z'
}
{
  level: 'error',
  message: 'error get_flight_by_airline_id: Cannot convert undefined or null to object',
  label: 'testing mode',
  timestamp: '2021-12-18T18:40:46.301Z'
}
{
  level: 'error',
  message: 'error get_flights_by_id: _id is not defined',
  label: 'testing mode',
  timestamp: '2021-12-18T19:27:13.748Z'
}
{
  level: 'error',
  message: 'error get_flights_by_id: _id is not defined',
  label: 'testing mode',
  timestamp: '2021-12-18T19:28:08.485Z'
}
{
  level: 'error',
  message: 'error delete_customers_cascade : Cannot convert undefined or null to object',
  label: 'testing mode',
  timestamp: '2021-12-18T21:52:24.192Z'
}
{
  level: 'error',
  message: 'error delete_customers_cascade : Cannot convert undefined or null to object',
  label: 'testing mode',
  timestamp: '2021-12-18T21:52:35.321Z'
}
{
  level: 'error',
  message: 'error delete_airline_cascade : Cannot convert undefined or null to object',
  label: 'testing mode',
  timestamp: '2021-12-18T22:04:51.537Z'
}
{
  level: 'error',
  message: 'error user_by_username : Cannot convert undefined or null to object',
  label: 'testing mode',
  timestamp: '2021-12-19T08:29:15.443Z'
}
{
  level: 'error',
  message: 'error user_by_username : Cannot convert undefined or null to object',
  label: 'testing mode',
  timestamp: '2021-12-19T08:30:25.993Z'
}
{
  level: 'error',
  message: 'error user_by_username : Cannot convert undefined or null to object',
  label: 'testing mode',
  timestamp: '2021-12-19T08:32:51.015Z'
}
{
  level: 'error',
  message: 'error upsert_airlines : airline_bl.upsertAirlines is not a function',
  label: 'testing mode',
  timestamp: '2021-12-19T12:29:49.425Z'
}
{
  level: 'error',
  message: 'error delete_airline_cascade : Cannot convert undefined or null to object',
  label: 'testing mode',
  timestamp: '2021-12-19T12:45:33.635Z'
}
{
  level: 'error',
  message: 'error delete_airline_cascade : Cannot convert undefined or null to object',
  label: 'testing mode',
  timestamp: '2021-12-19T20:50:46.778Z'
}
{
  level: 'error',
  message: 'error delete_airline_cascade : Cannot convert undefined or null to object',
  label: 'testing mode',
  timestamp: '2021-12-19T20:53:34.278Z'
}
{
  level: 'error',
  message: 'error delete_airline_cascade : Cannot convert undefined or null to object',
  label: 'testing mode',
  timestamp: '2021-12-19T20:59:17.964Z'
}
{
  level: 'error',
  message: 'error upsert users : Cannot convert undefined or null to object',
  label: 'testing mode',
  timestamp: '2021-12-19T21:37:21.459Z'
}
{
  level: 'error',
  message: 'error upsert users : Cannot convert undefined or null to object',
  label: 'testing mode',
  timestamp: '2021-12-19T21:40:59.334Z'
}
{
  level: 'error',
  message: 'error upsert users : Cannot convert undefined or null to object',
  label: 'testing mode',
  timestamp: '2021-12-19T21:53:16.537Z'
}
{
  level: 'error',
  message: 'error upsert users : Cannot convert undefined or null to object',
  label: 'testing mode',
  timestamp: '2021-12-19T21:54:10.653Z'
}
{
  level: 'error',
  message: 'error upsert_airlines : Cannot convert undefined or null to object',
  label: 'testing mode',
  timestamp: '2021-12-19T22:08:01.186Z'
}
{
  level: 'error',
  message: 'error user_by_username : Cannot set headers after they are sent to the client',
  label: 'testing mode',
  timestamp: '2021-12-20T18:24:50.675Z'
}
{
  level: 'error',
  message: 'error user_by_username : Cannot set headers after they are sent to the client',
  label: 'testing mode',
  timestamp: '2021-12-20T18:25:15.983Z'
}
{
  level: 'error',
  message: 'error user_by_username : Cannot set headers after they are sent to the client',
  label: 'testing mode',
  timestamp: '2021-12-20T18:25:52.153Z'
}
{
  level: 'error',
  message: 'error  signup_post:,Error: TypeError: bl.getUserByUsername is not a function',
  label: 'testing mode',
  timestamp: '2021-12-21T10:10:26.381Z'
}
{
  level: 'error',
  message: 'error  signup_post:,Error: TypeError: bl.UserByUsername is not a function',
  label: 'testing mode',
  timestamp: '2021-12-21T10:12:54.140Z'
}
{
  level: 'error',
  message: 'error user_by_username : Cannot convert undefined or null to object',
  label: 'testing mode',
  timestamp: '2021-12-21T10:17:02.713Z'
}
{
  level: 'error',
  message: 'error  signup_post:,Error: ReferenceError: users_bl is not defined',
  label: 'testing mode',
  timestamp: '2021-12-21T10:17:42.482Z'
}
{
  level: 'error',
  message: "error  signup_post:,Error: TypeError: Cannot read property '0' of undefined",
  label: 'testing mode',
  timestamp: '2021-12-21T10:20:44.262Z'
}
{
  level: 'error',
  message: "error  signup_post:,Error: TypeError: Cannot read property '0' of undefined",
  label: 'testing mode',
  timestamp: '2021-12-21T10:22:26.775Z'
}
{
  level: 'error',
  message: "error  signup_post:,Error: TypeError: Cannot read property '0' of undefined",
  label: 'testing mode',
  timestamp: '2021-12-21T10:36:42.141Z'
}
{
  level: 'error',
  message: "error  signup_post:,Error: TypeError: Cannot read property '0' of undefined",
  label: 'testing mode',
  timestamp: '2021-12-21T10:37:51.299Z'
}
{
  level: 'error',
  message: "error  signup_post:,Error: TypeError: Cannot read property '0' of undefined",
  label: 'testing mode',
  timestamp: '2021-12-21T10:39:35.856Z'
}
{
  level: 'error',
  message: "error  signup_post:,Error: TypeError: Cannot read property '0' of undefined",
  label: 'testing mode',
  timestamp: '2021-12-21T10:41:48.232Z'
}
{
  level: 'error',
  message: "error  signup_post:,Error: TypeError: Cannot read property '0' of undefined",
  label: 'testing mode',
  timestamp: '2021-12-21T10:44:05.130Z'
}
{
  level: 'error',
  message: "error  signup_post:,Error: TypeError: Cannot read property '0' of undefined",
  label: 'testing mode',
  timestamp: '2021-12-21T10:44:41.262Z'
}
{
  level: 'error',
  message: "error  signup_post:,Error: TypeError: Cannot read property '0' of undefined",
  label: 'testing mode',
  timestamp: '2021-12-21T10:46:47.778Z'
}
{
  level: 'error',
  message: 'error  signup_post:,Error: Error: error insertUser',
  label: 'testing mode',
  timestamp: '2021-12-21T10:47:21.253Z'
}
{
  level: 'error',
  message: 'error  signup_post:,Error: Error: error insertUser',
  label: 'testing mode',
  timestamp: '2021-12-21T10:49:00.514Z'
}
{
  level: 'error',
  message: 'error  signup_post:,Error: Error: error insertUser',
  label: 'testing mode',
  timestamp: '2021-12-21T10:51:36.689Z'
}
{
  level: 'error',
  message: 'error  signup_post:,Error: Error: error insertUser',
  label: 'testing mode',
  timestamp: '2021-12-21T10:53:52.706Z'
}
{
  level: 'error',
  message: 'error  signup_post:,Error: Error: error insertUser',
  label: 'testing mode',
  timestamp: '2021-12-21T10:55:24.680Z'
}
{
  level: 'error',
  message: 'error  signup_post:,Error: Error: error insertUser',
  label: 'testing mode',
  timestamp: '2021-12-21T12:03:30.490Z'
}
{
  level: 'error',
  message: 'error  signup_post:,Error: Error: error insertUser',
  label: 'testing mode',
  timestamp: '2021-12-21T12:05:06.487Z'
}
{
  level: 'error',
  message: `error upsert users : client-action validation failed: params.0: Cast to [string] failed for value "[\\n' +\n` +
    "  '  {\\n' +\n" +
    `  "    _username: 'eliad',\\n" +\n` +
    `  "    _password: '582584',\\n" +\n` +
    `  "    _email: 'eliad@eliad.com',\\n" +\n` +
    `  "    rule: 'airline'\\n" +\n` +
    "  '  }\\n' +\n" +
    `  ']" (type string) at path "params.0"`,
  label: 'testing mode',
  timestamp: '2021-12-21T12:24:14.444Z'
}
{
  level: 'error',
  message: `error upsert users : client-action validation failed: params.0: Cast to [string] failed for value "[\\n' +\n` +
    "  '  {\\n' +\n" +
    `  "    _username: 'eliad',\\n" +\n` +
    `  "    _password: '582584',\\n" +\n` +
    `  "    _email: 'eliad@eliad.com',\\n" +\n` +
    `  "    rule: 'airline'\\n" +\n` +
    "  '  }\\n' +\n" +
    `  ']" (type string) at path "params.0"`,
  label: 'testing mode',
  timestamp: '2021-12-21T12:43:24.270Z'
}
{
  level: 'error',
  message: 'error upsert users : Cannot convert undefined or null to object',
  label: 'testing mode',
  timestamp: '2021-12-21T12:59:43.873Z'
}
{
  level: 'error',
  message: 'error delete_airline_cascade : Cannot convert undefined or null to object',
  label: 'testing mode',
  timestamp: '2021-12-21T18:07:16.314Z'
}
{
  level: 'error',
  message: 'error delete_customers_cascade : Cannot convert undefined or null to object',
  label: 'testing mode',
  timestamp: '2021-12-21T19:25:21.619Z'
}
{
  level: 'error',
  message: 'error delete_customers_cascade : Cannot convert undefined or null to object',
  label: 'testing mode',
  timestamp: '2021-12-21T19:27:39.083Z'
}
{
  level: 'error',
  message: 'error delete_customers_cascade : Cannot convert undefined or null to object',
  label: 'testing mode',
  timestamp: '2021-12-21T19:28:53.178Z'
}
{
  level: 'error',
  message: 'error delete_customers_cascade : Cannot convert undefined or null to object',
  label: 'testing mode',
  timestamp: '2021-12-21T19:30:13.475Z'
}
{
  level: 'error',
  message: 'error delete_customers_cascade : Cannot convert undefined or null to object',
  label: 'testing mode',
  timestamp: '2021-12-21T19:31:29.508Z'
}
{
  level: 'error',
  message: 'error delete_customers_cascade : Cannot convert undefined or null to object',
  label: 'testing mode',
  timestamp: '2021-12-21T19:34:02.053Z'
}
{
  level: 'error',
  message: 'error delete_flight_by_id : Cannot convert undefined or null to object',
  label: 'testing mode',
  timestamp: '2021-12-21T20:48:59.137Z'
}
{
  level: 'error',
  message: "error  signup_post:,Error: TypeError: Cannot read property '0' of undefined",
  label: 'testing mode',
  timestamp: '2021-12-21T21:23:10.130Z'
}
{
  level: 'error',
  message: 'error  signup_post:,Error: Error: error insertUser',
  label: 'testing mode',
  timestamp: '2021-12-21T21:25:48.053Z'
}
{
  level: 'error',
  message: 'error  signup_post:,Error: Error: error insertUser',
  label: 'testing mode',
  timestamp: '2021-12-21T21:28:29.850Z'
}
{
  level: 'error',
  message: 'error  signup_post:,Error: Error: error insertUser',
  label: 'testing mode',
  timestamp: '2021-12-21T21:28:55.317Z'
}
{
  level: 'error',
  message: 'error  signup_post:,Error: Error: error insertUser',
  label: 'testing mode',
  timestamp: '2021-12-21T21:31:24.716Z'
}
{
  level: 'error',
  message: 'error  signup_post:,Error: Error: error insertUser',
  label: 'testing mode',
  timestamp: '2021-12-21T21:33:47.483Z'
}
{
  level: 'error',
  message: 'error  signup_post:,Error: Error: error insertUser',
  label: 'testing mode',
  timestamp: '2021-12-21T21:34:26.262Z'
}
{
  level: 'error',
  message: 'error  signup_post:,Error: Error: error insertUser',
  label: 'testing mode',
  timestamp: '2021-12-21T21:35:24.910Z'
}
{
  level: 'error',
  message: 'error  signup_post:,Error: Error: error insertUser',
  label: 'testing mode',
  timestamp: '2021-12-21T21:35:53.876Z'
}
{
  level: 'error',
  message: 'error  signup_post:,Error: Error: error insertUser',
  label: 'testing mode',
  timestamp: '2021-12-21T21:37:06.884Z'
}
{
  level: 'error',
  message: 'error  signup_post:,Error: Error: error insertUser',
  label: 'testing mode',
  timestamp: '2021-12-21T21:39:36.383Z'
}
{
  level: 'error',
  message: "error  signup_post:,Error: TypeError: Cannot read property '0' of undefined",
  label: 'testing mode',
  timestamp: '2021-12-21T21:42:15.691Z'
}
{
  level: 'error',
  message: 'error  signup_post:,Error: Error: error insertUser',
  label: 'testing mode',
  timestamp: '2021-12-21T21:42:54.305Z'
}
{
  level: 'error',
  message: 'error  signup_post:,Error: Error: error insertUser',
  label: 'testing mode',
  timestamp: '2021-12-21T21:47:21.595Z'
}
{
  level: 'error',
  message: "error  signup_post:,Error: TypeError: Cannot read property '0' of undefined",
  label: 'testing mode',
  timestamp: '2021-12-21T21:49:23.600Z'
}
{
  level: 'error',
  message: 'error  signup_post:,Error: Error: error insertUser',
  label: 'testing mode',
  timestamp: '2021-12-21T21:54:21.220Z'
}
{
  level: 'error',
  message: "error  signup_post:,Error: ReferenceError: Cannot access 'user' before initialization",
  label: 'testing mode',
  timestamp: '2021-12-21T21:55:06.947Z'
}
{
  level: 'error',
  message: 'error  signup_post:,Error: Error: error insertUser',
  label: 'testing mode',
  timestamp: '2021-12-21T21:56:29.858Z'
}
{
  level: 'error',
  message: "error  signup_post:,Error: TypeError: Cannot read property '0' of undefined",
  label: 'testing mode',
  timestamp: '2021-12-21T21:57:27.478Z'
}
{
  level: 'error',
  message: "error  signup_post:,Error: TypeError: Cannot read property '0' of undefined",
  label: 'testing mode',
  timestamp: '2021-12-21T21:58:12.837Z'
}
{
  level: 'error',
  message: 'error  signup_post:,Error: Error: error insertUser',
  label: 'testing mode',
  timestamp: '2021-12-21T22:07:50.606Z'
}
{
  level: 'error',
  message: "error  signup_post:,Error: TypeError: Cannot read property '0' of undefined",
  label: 'testing mode',
  timestamp: '2021-12-21T22:09:02.248Z'
}
{
  level: 'error',
  message: "error  signup_post:,Error: TypeError: Cannot read property '0' of undefined",
  label: 'testing mode',
  timestamp: '2021-12-21T22:10:04.407Z'
}
{
  level: 'error',
  message: 'error  signup_post:,Error: TypeError: config.get is not a function',
  label: 'testing mode',
  timestamp: '2021-12-21T22:10:56.510Z'
}
{
  level: 'error',
  message: 'error  signup_post:,Error: TypeError: config.get is not a function',
  label: 'testing mode',
  timestamp: '2021-12-21T22:14:48.845Z'
}
{
  level: 'error',
  message: 'error  signup_post:,Error: Error: error insertUser',
  label: 'testing mode',
  timestamp: '2021-12-21T22:15:59.147Z'
}
{
  level: 'error',
  message: " login_post:,Error: TypeError: Cannot read property '0' of undefined",
  label: 'testing mode',
  timestamp: '2021-12-21T22:20:47.274Z'
}
{
  level: 'error',
  message: " login_post:,Error: TypeError: Cannot read property '0' of undefined",
  label: 'testing mode',
  timestamp: '2021-12-21T22:21:50.607Z'
}
{
  level: 'error',
  message: " login_post:,Error: TypeError: Cannot read property '0' of undefined",
  label: 'testing mode',
  timestamp: '2021-12-21T22:22:46.368Z'
}
{
  level: 'error',
  message: " login_post:,Error: TypeError: Cannot read property '0' of undefined",
  label: 'testing mode',
  timestamp: '2021-12-21T22:24:07.577Z'
}
{
  level: 'error',
  message: "error  signup_post:,Error: TypeError: Cannot read property '0' of undefined",
  label: 'testing mode',
  timestamp: '2021-12-21T22:28:16.015Z'
}
{
  level: 'error',
  message: "error  signup_post:,Error: TypeError: Cannot read property '0' of undefined",
  label: 'testing mode',
  timestamp: '2021-12-21T22:29:58.757Z'
}
{
  level: 'error',
  message: "error  signup_post:,Error: TypeError: Cannot read property '0' of undefined",
  label: 'testing mode',
  timestamp: '2021-12-21T22:32:33.417Z'
}
{
  level: 'error',
  message: "error  signup_post:,Error: TypeError: Cannot read property '0' of undefined",
  label: 'testing mode',
  timestamp: '2021-12-21T22:36:51.445Z'
}
{
  level: 'error',
  message: "error  signup_post:,Error: TypeError: Cannot read property '0' of undefined",
  label: 'testing mode',
  timestamp: '2021-12-21T22:39:51.080Z'
}
{
  level: 'error',
  message: "error  signup_post:,Error: TypeError: Cannot read property '0' of undefined",
  label: 'testing mode',
  timestamp: '2021-12-21T22:44:17.575Z'
}
{
  level: 'error',
  message: "error  signup_post:,Error: TypeError: Cannot read property '0' of undefined",
  label: 'testing mode',
  timestamp: '2021-12-21T22:46:12.642Z'
}
{
  level: 'error',
  message: "error  signup_post:,Error: TypeError: Cannot read property '0' of undefined",
  label: 'testing mode',
  timestamp: '2021-12-21T22:47:43.653Z'
}
{
  level: 'error',
  message: "error  signup_post:,Error: TypeError: Cannot read property '0' of undefined",
  label: 'testing mode',
  timestamp: '2021-12-21T22:49:00.658Z'
}
{
  level: 'error',
  message: "error  signup_post:,Error: TypeError: Cannot read property '0' of undefined",
  label: 'testing mode',
  timestamp: '2021-12-21T22:52:19.235Z'
}
{
  level: 'error',
  message: "error  signup_post:,Error: TypeError: Cannot read property '0' of undefined",
  label: 'testing mode',
  timestamp: '2021-12-21T22:56:47.644Z'
}
{
  level: 'error',
  message: "error  signup_post:,Error: TypeError: Cannot read property '0' of undefined",
  label: 'testing mode',
  timestamp: '2021-12-21T23:02:54.003Z'
}
{
  level: 'error',
  message: "error  signup_post:,Error: TypeError: Cannot read property '0' of undefined",
  label: 'testing mode',
  timestamp: '2021-12-21T23:04:45.222Z'
}
{
  level: 'error',
  message: "error  signup_post:,Error: TypeError: Cannot read property '_id' of undefined",
  label: 'testing mode',
  timestamp: '2021-12-21T23:06:31.701Z'
}
{
  level: 'error',
  message: "error  signup_post:,Error: TypeError: Cannot read property '0' of undefined",
  label: 'testing mode',
  timestamp: '2021-12-21T23:08:22.888Z'
}
{
  level: 'error',
  message: "error  signup_post:,Error: TypeError: Cannot read property '0' of undefined",
  label: 'testing mode',
  timestamp: '2021-12-21T23:09:46.612Z'
}
{
  level: 'error',
  message: "error  signup_post:,Error: TypeError: Cannot read property '0' of undefined",
  label: 'testing mode',
  timestamp: '2021-12-21T23:10:27.788Z'
}
{
  level: 'error',
  message: 'error  signup_post:,Error: ReferenceError: _username is not defined',
  label: 'testing mode',
  timestamp: '2021-12-21T23:11:57.573Z'
}
{
  level: 'error',
  message: "error  signup_post:,Error: TypeError: Cannot read property '0' of undefined",
  label: 'testing mode',
  timestamp: '2021-12-21T23:14:42.648Z'
}
{
  level: 'error',
  message: 'error  signup_post:,Error: ReferenceError: _username is not defined',
  label: 'testing mode',
  timestamp: '2021-12-21T23:15:37.995Z'
}
{
  level: 'error',
  message: "error  signup_post:,Error: TypeError: Cannot read property '0' of undefined",
  label: 'testing mode',
  timestamp: '2021-12-21T23:19:03.461Z'
}
{
  level: 'error',
  message: "error  signup_post:,Error: TypeError: Cannot read property '0' of undefined",
  label: 'testing mode',
  timestamp: '2021-12-23T10:08:25.247Z'
}
{
  level: 'error',
  message: "error  signup_post:,Error: TypeError: Cannot read property '0' of undefined",
  label: 'testing mode',
  timestamp: '2021-12-23T10:09:56.515Z'
}
{
  level: 'error',
  message: "error  signup_post:,Error: TypeError: Cannot read property '0' of undefined",
  label: 'testing mode',
  timestamp: '2021-12-23T10:12:14.604Z'
}
{
  level: 'error',
  message: "error  signup_post:,Error: TypeError: Cannot read property '0' of undefined",
  label: 'testing mode',
  timestamp: '2021-12-23T10:12:59.247Z'
}
{
  level: 'error',
  message: "error  signup_post:,Error: TypeError: Cannot read property '0' of undefined",
  label: 'testing mode',
  timestamp: '2021-12-23T10:13:45.707Z'
}
{
  level: 'error',
  message: 'error  signup_post:,Error: ReferenceError: _username is not defined',
  label: 'testing mode',
  timestamp: '2021-12-23T10:15:36.241Z'
}
{
  level: 'error',
  message: 'error user_by_username : Cannot convert undefined or null to object',
  label: 'testing mode',
  timestamp: '2021-12-23T10:16:13.972Z'
}
{
  level: 'error',
  message: 'error  signup_post:,Error: ReferenceError: username is not defined',
  label: 'testing mode',
  timestamp: '2021-12-23T10:19:35.144Z'
}
{
  level: 'error',
  message: "error  signup_post:,Error: TypeError: Cannot read property '0' of undefined",
  label: 'testing mode',
  timestamp: '2021-12-23T10:30:45.114Z'
}
{
  level: 'error',
  message: "error  signup_post:,Error: TypeError: Cannot read property '0' of undefined",
  label: 'testing mode',
  timestamp: '2021-12-23T10:32:39.988Z'
}
{
  level: 'error',
  message: "error  signup_post:,Error: TypeError: Cannot read property '0' of undefined",
  label: 'testing mode',
  timestamp: '2021-12-23T10:33:53.677Z'
}
{
  level: 'error',
  message: "error  signup_post:,Error: TypeError: Cannot read property '0' of undefined",
  label: 'testing mode',
  timestamp: '2021-12-23T10:38:19.970Z'
}
{
  level: 'error',
  message: "error  signup_post:,Error: TypeError: Cannot read property '0' of undefined",
  label: 'testing mode',
  timestamp: '2021-12-23T10:45:18.400Z'
}
{
  level: 'error',
  message: "error  signup_post:,Error: TypeError: Cannot read property '0' of undefined",
  label: 'testing mode',
  timestamp: '2021-12-23T10:46:47.456Z'
}
{
  level: 'error',
  message: "error  signup_post:,Error: TypeError: Cannot read property '0' of undefined",
  label: 'testing mode',
  timestamp: '2021-12-23T10:47:20.890Z'
}
{
  level: 'error',
  message: "error  signup_post:,Error: TypeError: Cannot read property '0' of undefined",
  label: 'testing mode',
  timestamp: '2021-12-23T10:48:52.901Z'
}
{
  level: 'error',
  message: "error  signup_post:,Error: TypeError: Cannot read property '0' of undefined",
  label: 'testing mode',
  timestamp: '2021-12-23T10:49:39.267Z'
}
{
  level: 'error',
  message: "error  signup_post:,Error: TypeError: Cannot read property '0' of undefined",
  label: 'testing mode',
  timestamp: '2021-12-23T10:49:51.894Z'
}
{
  level: 'error',
  message: "error  signup_post:,Error: TypeError: Cannot read property '0' of undefined",
  label: 'testing mode',
  timestamp: '2021-12-23T10:50:53.425Z'
}
{
  level: 'error',
  message: "error  signup_post:,Error: TypeError: Cannot read property '0' of undefined",
  label: 'testing mode',
  timestamp: '2021-12-23T10:51:14.841Z'
}
{
  level: 'error',
  message: "error  signup_post:,Error: TypeError: Cannot read property '0' of undefined",
  label: 'testing mode',
  timestamp: '2021-12-23T10:54:45.121Z'
}
{
  level: 'error',
  message: 'error  signup_post:,Error: Error: user exist',
  label: 'testing mode',
  timestamp: '2021-12-23T10:56:39.982Z'
}
{
  level: 'error',
  message: "error  signup_post:,Error: TypeError: Cannot read property '0' of undefined",
  label: 'testing mode',
  timestamp: '2021-12-23T10:58:00.160Z'
}
{
  level: 'error',
  message: 'error  signup_post:,Error: Error: user exist',
  label: 'testing mode',
  timestamp: '2021-12-23T10:58:32.348Z'
}
{
  level: 'error',
  message: 'error  signup_post:,Error: Error: user exist',
  label: 'testing mode',
  timestamp: '2021-12-23T11:06:14.235Z'
}
{
  level: 'error',
  message: "error  signup_post:,Error: TypeError: Cannot read property '0' of undefined",
  label: 'testing mode',
  timestamp: '2021-12-23T11:07:54.921Z'
}
{
  level: 'error',
  message: 'error  signup_post:,Error: Error: user exist',
  label: 'testing mode',
  timestamp: '2021-12-23T11:09:59.170Z'
}
{
  level: 'error',
  message: 'error  signup_post:,Error: Error: user exist',
  label: 'testing mode',
  timestamp: '2021-12-23T11:10:04.849Z'
}
{
  level: 'error',
  message: 'error  signup_post:,Error: Error: user exist',
  label: 'testing mode',
  timestamp: '2021-12-23T11:10:55.718Z'
}
{
  level: 'error',
  message: 'error  signup_post:,Error: user exist',
  label: 'testing mode',
  timestamp: '2021-12-23T11:11:26.584Z'
}
{
  level: 'error',
  message: ' login_post:,Error: Error: incorrect user',
  label: 'testing mode',
  timestamp: '2021-12-23T11:37:02.791Z'
}
{
  level: 'error',
  message: ' login_post:,Error: incorrect user',
  label: 'testing mode',
  timestamp: '2021-12-23T11:37:55.283Z'
}
{
  level: 'error',
  message: 'error  signup_post:,Error: user exist',
  label: 'testing mode',
  timestamp: '2021-12-23T12:17:22.537Z'
}
{
  level: 'error',
  message: 'error  signup_post:,Error: user exist',
  label: 'testing mode',
  timestamp: '2021-12-23T14:06:20.829Z'
}
{
  level: 'error',
  message: ' login_post:,Error: incorrect password',
  label: 'testing mode',
  timestamp: '2021-12-23T14:06:44.675Z'
}
{
  level: 'error',
  message: ' login_post:,Error: incorrect user',
  label: 'testing mode',
  timestamp: '2021-12-23T14:06:58.138Z'
}
{
  level: 'error',
  message: ' login_post:,Error: incorrect password',
  label: 'testing mode',
  timestamp: '2021-12-23T14:07:06.037Z'
}
